<?xml version="1.0" encoding="UTF-8"?>
<!-- Generated by org.testng.reporters.JUnitReportReporter -->
<testsuite skipped="0" hostname="LAPTOP-SR113PBD" name="com.justdial.testcases.FreelistingTestCases" tests="6" failures="0" timestamp="2021-06-21T15:00:43 IST" time="11.137" errors="0">
  <testcase name="launch" time="2.904" classname="com.justdial.testcases.FreelistingTestCases"/>
  <system-out/>
  <testcase name="allNullValues" time="0.727" classname="com.justdial.testcases.FreelistingTestCases"/>
  <system-out/>
  <testcase name="companyNullValue" time="1.239" classname="com.justdial.testcases.FreelistingTestCases"/>
  <system-out/>
  <testcase name="mobileNullValue" time="1.846" classname="com.justdial.testcases.FreelistingTestCases"/>
  <system-out/>
  <testcase name="cityNullvalue" time="1.682" classname="com.justdial.testcases.FreelistingTestCases"/>
  <system-out/>
  <testcase name="validDataTest" time="2.739" classname="com.justdial.testcases.FreelistingTestCases"/>
  <system-out/>
</testsuite> <!-- com.justdial.testcases.FreelistingTestCases -->
