<?xml version="1.0" encoding="UTF-8"?>
<!-- Generated by org.testng.reporters.JUnitReportReporter -->
<testsuite skipped="0" hostname="LAPTOP-SR113PBD" name="com.justdial.testcases.HomepageTestCases" tests="10" failures="0" timestamp="2021-06-21T14:56:53 IST" time="28.127" errors="0">
  <testcase name="websiteTest" time="0.452" classname="com.justdial.testcases.HomepageTestCases"/>
  <system-out/>
  <testcase name="elementsTest" time="0.185" classname="com.justdial.testcases.HomepageTestCases"/>
  <system-out/>
  <testcase name="loginPageTest" time="1.556" classname="com.justdial.testcases.HomepageTestCases"/>
  <system-out/>
  <testcase name="locationTest" time="2.811" classname="com.justdial.testcases.HomepageTestCases"/>
  <system-out/>
  <testcase name="searchingTest" time="4.298" classname="com.justdial.testcases.HomepageTestCases"/>
  <system-out/>
  <testcase name="resultPageTest" time="0.420" classname="com.justdial.testcases.HomepageTestCases"/>
  <system-out/>
  <testcase name="bestdealsTest" time="1.014" classname="com.justdial.testcases.HomepageTestCases"/>
  <system-out/>
  <testcase name="ratingCheck" time="0.167" classname="com.justdial.testcases.HomepageTestCases"/>
  <system-out/>
  <testcase name="printData" time="8.809" classname="com.justdial.testcases.HomepageTestCases"/>
  <system-out/>
  <testcase name="dataFromMenubar" time="8.415" classname="com.justdial.testcases.HomepageTestCases"/>
  <system-out/>
</testsuite> <!-- com.justdial.testcases.HomepageTestCases -->
