<?xml version="1.0" encoding="UTF-8"?>
<!-- Generated by org.testng.reporters.JUnitReportReporter -->
<testsuite skipped="0" hostname="LAPTOP-SR113PBD" name="com.justdial.testcases.FitnessTestCases" tests="4" failures="0" timestamp="2021-06-21T15:03:20 IST" time="9.039" errors="0">
  <testcase name="fitness" time="7.013" classname="com.justdial.testcases.FitnessTestCases"/>
  <system-out/>
  <testcase name="fitnessMenu" time="0.111" classname="com.justdial.testcases.FitnessTestCases"/>
  <system-out/>
  <testcase name="gym" time="1.867" classname="com.justdial.testcases.FitnessTestCases"/>
  <system-out/>
  <testcase name="gymMenu" time="0.048" classname="com.justdial.testcases.FitnessTestCases"/>
  <system-out/>
</testsuite> <!-- com.justdial.testcases.FitnessTestCases -->
